<?xml version="1.0" encoding="UTF-8"?>
<!-- Generated by org.testng.reporters.JUnitReportReporter -->
<testsuite skipped="0" hostname="DESKTOP-6QTNOGT" name="com.crm.qa.testcases.LoginPageTest" tests="2" failures="0" timestamp="2021-11-29T18:41:04 IST" time="17.462" errors="0">
  <testcase name="validateTitleTest" time="6.641" classname="com.crm.qa.testcases.LoginPageTest"/>
  <system-out/>
  <testcase name="loginTest" time="10.821" classname="com.crm.qa.testcases.LoginPageTest"/>
  <system-out/>
</testsuite> <!-- com.crm.qa.testcases.LoginPageTest -->
